<?xml version="1.0" encoding="utf-8" standalone="no"?>
<!--This file represents the results of running a test suite-->
<test-results name="C:\projects\Books\Books.nunit" total="5" errors="0" failures="0" not-run="1" inconclusive="0" ignored="1" skipped="0" invalid="0" date="2013-03-03" time="14:50:49">
  <environment nunit-version="2.6.2.12296" clr-version="2.0.50727.6400" os-version="Microsoft Windows NT 6.2.9200.0" platform="Win32NT" cwd="C:\Program Files (x86)\NUnit 2.6.2\bin" machine-name="MMEADOWS" user="Michael" user-domain="MMEADOWS" />
  <culture-info current-culture="en-US" current-uiculture="en-US" />
  <test-suite type="Project" name="C:\projects\Books\Books.nunit" executed="True" result="Success" success="True" time="0.471" asserts="0">
    <results>
      <test-suite type="Assembly" name="C:\projects\Books\Books.Tests\bin\Debug\Books.Tests.dll" executed="True" result="Success" success="True" time="0.453" asserts="0">
        <results>
          <test-suite type="Namespace" name="Books" executed="True" result="Success" success="True" time="0.452" asserts="0">
            <results>
              <test-suite type="Namespace" name="Tests" executed="True" result="Success" success="True" time="0.452" asserts="0">
                <results>
                  <test-suite type="Namespace" name="Logic" executed="True" result="Success" success="True" time="0.452" asserts="0">
                    <results>
                      <test-suite type="TestFixture" name="Given_a_new_contractor_when_saving_the_contractor" executed="True" result="Success" success="True" time="0.360" asserts="0">
                        <results>
                          <test-case name="Books.Tests.Logic.Given_a_new_contractor_when_saving_the_contractor.The_the_started_on_date_should_be_set_to_the_current_week_start_if_it_is_null" executed="True" result="Success" success="True" time="0.348" asserts="1" />
                        </results>
                      </test-suite>
                      <test-suite type="TestFixture" name="Given_a_new_entity_when_I_add_the_entity_to_the_system" executed="True" result="Success" success="True" time="0.056" asserts="0">
                        <results>
                          <test-case name="Books.Tests.Logic.Given_a_new_entity_when_I_add_the_entity_to_the_system.Then_the_entity_should_be_written_to_the_database" executed="True" result="Success" success="True" time="0.055" asserts="0" />
                        </results>
                      </test-suite>
                      <test-suite type="TestFixture" name="Given_an_existing_contractor_when_saving_with_null_started_on" executed="True" result="Success" success="True" time="0.007" asserts="0">
                        <results>
                          <test-case name="Books.Tests.Logic.Given_an_existing_contractor_when_saving_with_null_started_on.Then_a_validation_exception_should_be_thrown" executed="True" result="Success" success="True" time="0.006" asserts="0" />
                        </results>
                      </test-suite>
                      <test-suite type="TestFixture" name="Given_an_existing_entity_when_I_get_it_by_id" executed="True" result="Success" success="True" time="0.008" asserts="0">
                        <results>
                          <test-case name="Books.Tests.Logic.Given_an_existing_entity_when_I_get_it_by_id.Then_the_entity_returned_should_be_the_expected_entity" executed="True" result="Success" success="True" time="0.007" asserts="1" />
                        </results>
                      </test-suite>
                      <test-suite type="TestFixture" name="Given_an_existing_entity_when_I_save_changes" executed="True" result="Success" success="True" time="0.004" asserts="0">
                        <results>
                          <test-case name="Books.Tests.Logic.Given_an_existing_entity_when_I_save_changes.Then_the_updated_entity_should_have_been_saved" executed="True" result="Success" success="True" time="0.003" asserts="0" />
                        </results>
                      </test-suite>
                      <test-suite type="TestFixture" name="Given_many_contractors_when_querying_for_a_list_of_active_contractors" executed="True" result="Inconclusive" success="False" time="0.001" asserts="0">
                        <results>
                          <test-case name="Books.Tests.Logic.Given_many_contractors_when_querying_for_a_list_of_active_contractors.Then_the_list_of_contractors_returned_should_be_the_expected_list" executed="False" result="Ignored">
                            <reason>
                              <message><![CDATA[]]></message>
                            </reason>
                          </test-case>
                        </results>
                      </test-suite>
                    </results>
                  </test-suite>
                </results>
              </test-suite>
            </results>
          </test-suite>
        </results>
      </test-suite>
    </results>
  </test-suite>
</test-results>